<?xml version="1.0" encoding="UTF-8"?>
<!-- Generated by org.testng.reporters.JUnitReportReporter -->
<testsuite hostname="LAPTOP-J5E37TJF" failures="0" tests="1" name="testjava.DashBoardTest" time="5.322" errors="0" timestamp="2022-05-07T13:16:16 IST" skipped="0">
  <testcase classname="testjava.DashBoardTest" name="verifyBellIConIsDisplayed" time="5.322"/>
  <system-out/>
</testsuite> <!-- testjava.DashBoardTest -->
