<?xml version="1.0" encoding="UTF-8"?>
<!-- Generated by org.testng.reporters.JUnitReportReporter -->
<testsuite hostname="LAPTOP-J5E37TJF" failures="0" tests="4" name="testjava.LoginPageTest" time="7.466" errors="0" timestamp="2022-05-07T13:16:16 IST" skipped="0">
  <testcase classname="testjava.LoginPageTest" name="verifyUrlOfLoginPage" time="0.043"/>
  <system-out>
    <![CDATA[https://opensource-demo.orangehrmlive.com/]]>
  </system-out>
  <testcase classname="testjava.LoginPageTest" name="verifyTitleOfLoginPage" time="0.028"/>
  <system-out>
    <![CDATA[OrangeHRM]]>
  </system-out>
  <testcase classname="testjava.LoginPageTest" name="verifyLoginPageWithCorrectCredentials" time="5.773"/>
  <system-out/>
  <testcase classname="testjava.LoginPageTest" name="verifyLoginPageWithIncorrectCredentials" time="1.622"/>
  <system-out/>
</testsuite> <!-- testjava.LoginPageTest -->
